  % Total    % Received % Xferd  Average Speed   Time    Time     Time  Current
                                 Dload  Upload   Total   Spent    Left  Speed
  0     0    0     0    0     0      0      0 --:--:-- --:--:-- --:--:--     0  0     0    0     0    0     0      0      0 --:--:-- --:--:-- --:--:--     0*   Trying 18.223.164.138:80...
* TCP_NODELAY set
* Connected to ec2-18-223-164-138.us-east-2.compute.amazonaws.com (18.223.164.138) port 80 (#0)
> GET / HTTP/1.1
> Host: ec2-18-223-164-138.us-east-2.compute.amazonaws.com
> User-Agent: curl/7.68.0
> Accept: */*
> Cookie: login=eyJsb2dpbiI6ImF3ZGVvcmlvIn0.Y0oCUw.YHbAtu5StaGipMX3ooKJiKXqF1Y
> 
* Mark bundle as not supporting multiuse
< HTTP/1.1 200 OK
< Server: nginx/1.18.0 (Ubuntu)
< Date: Sat, 15 Oct 2022 00:44:49 GMT
< Content-Type: text/html; charset=utf-8
< Content-Length: 703
< Connection: keep-alive
< Vary: Cookie
< 
{ [703 bytes data]
100   703  100   703    0     0    528      0  0:00:01  0:00:01 --:--:--   529
* Connection #0 to host ec2-18-223-164-138.us-east-2.compute.amazonaws.com left intact
